nohup: ignoring input
start to  load data...
load data finished...
start to split data...
start to 5 kfold validation...
start to 1 training...
1 training finished...
start to 1 validation...
1 validation finished...
start record metric value...
end record...
start to 2 training...
2 training finished...
start to 2 validation...
2 validation finished...
start record metric value...
end record...
start to 3 training...
3 training finished...
start to 3 validation...
3 validation finished...
start record metric value...
end record...
start to 4 training...
4 training finished...
start to 4 validation...
4 validation finished...
start record metric value...
end record...
start to 5 training...
5 training finished...
start to 5 validation...
5 validation finished...
start record metric value...
end record...
test_rank loss: mean is 0.415157, std is 0.010301.
test_average precision: mean is 0.310164, std is 0.009606.
test_roc_auc: mean is 0.559567, std is 0.011717.
[0.5826917243982842, 0.5523036554322993, 0.556870834849787, 0.5545614150098261, 0.5514086762912107]
[0.32684603423765257, 0.3053314022334973, 0.30439005459056073, 0.2997785741607996, 0.314473978574412]
[0.39505046575133307, 0.42133389250441294, 0.4158879114623333, 0.4212365147697521, 0.4222761743715497]
