nohup: ignoring input
start to  load data...
load data finished...
start to split data...
start to 5 kfold validation...
start to 1 training...
1 training finished...
start to 1 validation...
1 validation finished...
start record metric value...
end record...
start to 2 training...
2 training finished...
start to 2 validation...
2 validation finished...
start record metric value...
end record...
start to 3 training...
3 training finished...
start to 3 validation...
3 validation finished...
start record metric value...
end record...
start to 4 training...
4 training finished...
start to 4 validation...
4 validation finished...
start record metric value...
end record...
start to 5 training...
5 training finished...
start to 5 validation...
5 validation finished...
start record metric value...
end record...
test_rank loss: mean is 0.377082, std is 0.006244.
test_average precision: mean is 0.375647, std is 0.009315.
test_roc_auc: mean is 0.609418, std is 0.009057.
[0.6088526275659427, 0.6259888086717967, 0.5991734756931485, 0.603923826311416, 0.6091512198936024]
[0.3631648675398669, 0.39082476491074775, 0.38008004098502646, 0.3709334158936757, 0.37323366488467535]
[0.37436763421228697, 0.3661924379409932, 0.3799988968160934, 0.3837281075539759, 0.38112091625458716]
